<?xml version="1.0" encoding="UTF-8"?>
<coverage generated="1660745904476" clover="3.2.0">
  <project timestamp="1660745904476" name="All files">
    <metrics statements="26" coveredstatements="8" conditionals="6" coveredconditionals="3" methods="17" coveredmethods="5" elements="49" coveredelements="16" complexity="0" loc="26" ncloc="26" packages="2" files="2" classes="2"/>
    <package name="src">
      <metrics statements="19" coveredstatements="3" conditionals="4" coveredconditionals="1" methods="12" coveredmethods="2"/>
      <file name="list.js" path="C:\Microverse\Module 2\Week 3\test-todo\to-do-list1\src\list.js">
        <metrics statements="19" coveredstatements="3" conditionals="4" coveredconditionals="1" methods="12" coveredmethods="2"/>
        <line num="3" count="1" type="cond" truecount="1" falsecount="1"/>
        <line num="9" count="2" type="stmt"/>
        <line num="10" count="2" type="stmt"/>
        <line num="14" count="0" type="stmt"/>
        <line num="15" count="0" type="stmt"/>
        <line num="16" count="0" type="stmt"/>
        <line num="18" count="0" type="stmt"/>
        <line num="22" count="0" type="stmt"/>
        <line num="23" count="0" type="cond" truecount="0" falsecount="2"/>
        <line num="24" count="0" type="stmt"/>
        <line num="26" count="0" type="stmt"/>
        <line num="28" count="0" type="stmt"/>
        <line num="32" count="0" type="stmt"/>
        <line num="33" count="0" type="stmt"/>
        <line num="34" count="0" type="stmt"/>
        <line num="38" count="0" type="stmt"/>
        <line num="39" count="0" type="stmt"/>
        <line num="40" count="0" type="stmt"/>
        <line num="42" count="0" type="stmt"/>
      </file>
    </package>
    <package name="src.__mock__">
      <metrics statements="7" coveredstatements="5" conditionals="2" coveredconditionals="2" methods="5" coveredmethods="3"/>
      <file name="localStorage.js" path="C:\Microverse\Module 2\Week 3\test-todo\to-do-list1\src\__mock__\localStorage.js">
        <metrics statements="7" coveredstatements="5" conditionals="2" coveredconditionals="2" methods="5" coveredmethods="3"/>
        <line num="3" count="1" type="stmt"/>
        <line num="7" count="0" type="stmt"/>
        <line num="11" count="2" type="cond" truecount="2" falsecount="0"/>
        <line num="15" count="2" type="stmt"/>
        <line num="19" count="0" type="stmt"/>
        <line num="22" count="1" type="stmt"/>
        <line num="24" count="1" type="stmt"/>
      </file>
    </package>
  </project>
</coverage>
